<?xml version="1.0" encoding="UTF-8"?>
<!-- Generated by org.testng.reporters.JUnitReportReporter -->
<testsuite hostname="LAPTOP-2IKQMJLC" failures="0" tests="2" name="ec.com.learning.restassured.restfulbooker.HealthCheckTest" time="2.257" errors="0" timestamp="2023-10-27T20:36:22 ECT" skipped="0">
  <testcase classname="ec.com.learning.restassured.restfulbooker.HealthCheckTest" name="healthCheckTest" time="0.865"/>
  <system-out/>
  <testcase classname="ec.com.learning.restassured.restfulbooker.HealthCheckTest" name="headersAndCoockiesTest" time="1.392"/>
  <system-out/>
</testsuite> <!-- ec.com.learning.restassured.restfulbooker.HealthCheckTest -->
