<?xml version="1.0" encoding="UTF-8"?>
<!-- Generated by org.testng.reporters.JUnitReportReporter -->
<testsuite hostname="LAPTOP-2IKQMJLC" failures="0" tests="2" name="ec.com.learning.restassured.restfulbooker.GetBookingTests" time="3.662" errors="0" timestamp="2023-10-30T23:32:41 ECT" skipped="0">
  <testcase classname="ec.com.learning.restassured.restfulbooker.GetBookingTests" name="getBookingTest" time="2.253"/>
  <system-out/>
  <testcase classname="ec.com.learning.restassured.restfulbooker.GetBookingTests" name="getBookingXmlTest" time="1.409"/>
  <system-out/>
</testsuite> <!-- ec.com.learning.restassured.restfulbooker.GetBookingTests -->
