<?xml version="1.0" encoding="UTF-8"?>
<!-- Generated by org.testng.reporters.JUnitReportReporter -->
<testsuite hostname="LAPTOP-2IKQMJLC" failures="0" tests="1" name="ec.com.learning.restassured.restfulbooker.CreateBookingTests" time="1.775" errors="0" timestamp="2023-11-01T00:10:40 ECT" skipped="0">
  <testcase classname="ec.com.learning.restassured.restfulbooker.CreateBookingTests" name="createBookingWithPOJOTest" time="1.775"/>
  <system-out/>
</testsuite> <!-- ec.com.learning.restassured.restfulbooker.CreateBookingTests -->
