<?xml version="1.0" encoding="UTF-8"?>
<!-- Generated by org.testng.reporters.JUnitReportReporter -->
<testsuite hostname="LAPTOP-2IKQMJLC" failures="0" tests="1" name="ec.com.learning.restassured.restfulbooker.DeleteBookingTests" time="3.152" errors="0" timestamp="2023-10-27T19:28:09 ECT" skipped="0">
  <testcase classname="ec.com.learning.restassured.restfulbooker.DeleteBookingTests" name="deleteBookingTest" time="3.152"/>
  <system-out/>
</testsuite> <!-- ec.com.learning.restassured.restfulbooker.DeleteBookingTests -->
