<?xml version="1.0" encoding="UTF-8"?>
<!-- Generated by org.testng.reporters.JUnitReportReporter -->
<testsuite hostname="LAPTOP-2IKQMJLC" failures="0" tests="1" name="ec.com.learning.restassured.restfulbooker.PartialUpdateBookingTests" time="2.297" errors="0" timestamp="2023-10-26T22:10:34 ECT" skipped="0">
  <testcase classname="ec.com.learning.restassured.restfulbooker.PartialUpdateBookingTests" name="partialUpdateBookingTest" time="2.297"/>
  <system-out/>
</testsuite> <!-- ec.com.learning.restassured.restfulbooker.PartialUpdateBookingTests -->
